<?xml version="1.0" encoding="UTF-8"?>
<testng-results skipped="0" failed="0" ignored="0" total="1" passed="1">
  <reporter-output>
  </reporter-output>
  <suite name="Default suite" duration-ms="61345" started-at="2018-04-17T07:13:11Z" finished-at="2018-04-17T07:14:13Z">
    <groups>
    </groups>
    <test name="Default test" duration-ms="61345" started-at="2018-04-17T07:13:11Z" finished-at="2018-04-17T07:14:13Z">
      <class name="src_eBayProject.libs.eBayFunctions">
        <test-method status="PASS" signature="setUp()[pri:0, instance:src_eBayProject.libs.eBayFunctions@396e2f39]" name="setUp" is-config="true" duration-ms="36707" started-at="2018-04-17T07:13:11Z" finished-at="2018-04-17T07:13:48Z">
          <reporter-output>
          </reporter-output>
        </test-method> <!-- setUp -->
        <test-method status="PASS" signature="searchProductFunctions()[pri:0, instance:src_eBayProject.libs.eBayFunctions@396e2f39]" name="searchProductFunctions" duration-ms="24619" started-at="2018-04-17T07:13:48Z" finished-at="2018-04-17T07:14:13Z">
          <reporter-output>
          </reporter-output>
        </test-method> <!-- searchProductFunctions -->
      </class> <!-- src_eBayProject.libs.eBayFunctions -->
    </test> <!-- Default test -->
  </suite> <!-- Default suite -->
</testng-results>
